Arguments: 
  C:\Program Files\nodejs\node.exe C:\Users\86199\AppData\Roaming\npm\node_modules\yarn\bin\yarn.js

PATH: 
  C:\Program Files (x86)\Common Files\Oracle\Java\javapath;C:\Program Files (x86)\Intel\Intel(R) Management Engine Components\iCLS\;C:\Program Files\Intel\Intel(R) Management Engine Components\iCLS\;C:\Windows\system32;C:\Windows;C:\Windows\System32\Wbem;C:\Windows\System32\WindowsPowerShell\v1.0\;C:\Windows\System32\OpenSSH\;C:\Program Files (x86)\Intel\Intel(R) Management Engine Components\DAL;C:\Program Files\Intel\Intel(R) Management Engine Components\DAL;C:\Program Files (x86)\Intel\Intel(R) Management Engine Components\IPT;C:\Program Files\Intel\Intel(R) Management Engine Components\IPT;C:\Program Files (x86)\NVIDIA Corporation\PhysX\Common;C:\Program Files\NVIDIA Corporation\NVIDIA NvDLISR;C:\Program Files\Git\cmd;C:\Go\bin;C:\WINDOWS\system32;C:\WINDOWS;C:\WINDOWS\System32\Wbem;C:\WINDOWS\System32\WindowsPowerShell\v1.0\;C:\WINDOWS\System32\OpenSSH\;C:\Users\86199\AppData\Roaming\nvm;C:\Program Files\nodejs;C:\Program Files (x86)\PuTTY\;C:\Program Files\nodejs\;C:\Program Files\MySQL\MySQL Shell 8.0\bin\;C:\Users\86199\AppData\Local\Microsoft\WindowsApps;C:\U;C:\Users\86199\AppData\Local\Programs\Microsoft VS Code\bin;C:\Users\86199\AppData\Local\Yarn\bin;C:\Users\86199\go\bin;C:\Program Files\MongoDB\Server\4.2\bin;C:\Program Files\Java\jdk1.8.0_241\bin;C:\Program Files\OpenSSL-Win64\bin;C:\Users\86199\AppData\Roaming\nvm;C:\Users\86199\AppData\Roaming\npm

Yarn version: 
  1.22.11

Node version: 
  14.16.0

Platform: 
  win32 x64

Trace: 
  Error: getaddrinfo ENOENT raw.githubusercontent.com
      at GetAddrInfoReqWrap.onlookup [as oncomplete] (dns.js:67:26)

npm manifest: 
  {
    "name": "xb2",
    "version": "1.0.0",
    "description": "",
    "main": "index.js",
    "scripts": {
      "start:dev": "tsc-watch --onSuccess \"node dist/main.js\""
    },
    "dependencies": {
      "bcrypt": "^4.0.1",
      "cors": "^2.8.5",
      "express": "^4.17.1",
      "jimp": "^0.10.0",
      "jsonwebtoken": "^8.5.1",
      "lodash": "^4.17.15",
      "multer": "^1.4.2",
      "mysql2": "^2.3.0"
    },
    "devDependencies": {
      "@types/bcrypt": "^3.0.0",
      "@types/cors": "^2.8.10",
      "@types/express": "^4.17.3",
      "@types/jest": "^25.2.1",
      "@types/jsonwebtoken": "^8.3.8",
      "@types/lodash": "^4.14.149",
      "@types/multer": "^1.4.2",
      "@types/mysql2": "github:types/mysql2",
      "@types/node": "^13.9.1",
      "@types/supertest": "^2.0.9",
      "dotenv": "^8.2.0",
      "jest": "^25.5.4",
      "prettier": "1.19.1",
      "rimraf": "^3.0.2",
      "supertest": "^4.0.2",
      "ts-jest": "^25.4.0",
      "tsc-watch": "^4.2.3",
      "typescript": "^3.8.3"
    },
    "keywords": [],
    "author": "",
    "license": "ISC"
  }

yarn manifest: 
  No manifest

Lockfile: 
  No lockfile
